# JRE version: Java(TM) SE Runtime Environment (8.0_144-b01) (build 1.8.0_144-b01)
# Java VM: Java HotSpot(TM) 64-Bit Server VM (25.144-b01 mixed mode windows-amd64 compressed oops)
Heap:
 PSYoungGen      total 86528K, used 45486K [0x00000000eab00000, 0x00000000f0d00000, 0x0000000100000000)
  eden space 76800K, 59% used [0x00000000eab00000,0x00000000ed76bbb0,0x00000000ef600000)
  from space 9728K, 0% used [0x00000000ef880000,0x00000000ef880000,0x00000000f0200000)
  to   space 11264K, 0% used [0x00000000f0200000,0x00000000f0200000,0x00000000f0d00000)
 ParOldGen       total 93696K, used 41850K [0x00000000c0000000, 0x00000000c5b80000, 0x00000000eab00000)
  object space 93696K, 44% used [0x00000000c0000000,0x00000000c28debd8,0x00000000c5b80000)
 Metaspace       used 57532K, capacity 59544K, committed 59672K, reserved 1099776K
  class space    used 7912K, capacity 8432K, committed 8496K, reserved 1048576K
GC Heap History (10 events):
Event: 42.317 GC heap before
{Heap before GC invocations=16 (full 2):
 PSYoungGen      total 51712K, used 46298K [0x00000000eab00000, 0x00000000ef800000, 0x0000000100000000)
  eden space 41984K, 100% used [0x00000000eab00000,0x00000000ed400000,0x00000000ed400000)
  from space 9728K, 44% used [0x00000000ed400000,0x00000000ed836a00,0x00000000edd80000)
  to   space 9728K, 0% used [0x00000000eee80000,0x00000000eee80000,0x00000000ef800000)
 ParOldGen       total 52736K, used 23015K [0x00000000c0000000, 0x00000000c3380000, 0x00000000eab00000)
  object space 52736K, 43% used [0x00000000c0000000,0x00000000c1679c40,0x00000000c3380000)
 Metaspace       used 45815K, capacity 46634K, committed 46760K, reserved 1089536K
  class space    used 6307K, capacity 6571K, committed 6576K, reserved 1048576K
Event: 42.326 GC heap after
Heap after GC invocations=16 (full 2):
 PSYoungGen      total 68096K, used 2415K [0x00000000eab00000, 0x00000000ef780000, 0x0000000100000000)
  eden space 58880K, 0% used [0x00000000eab00000,0x00000000eab00000,0x00000000ee480000)
  from space 9216K, 26% used [0x00000000eee80000,0x00000000ef0dbfd0,0x00000000ef780000)
  to   space 9728K, 0% used [0x00000000ee480000,0x00000000ee480000,0x00000000eee00000)
 ParOldGen       total 52736K, used 25735K [0x00000000c0000000, 0x00000000c3380000, 0x00000000eab00000)
  object space 52736K, 48% used [0x00000000c0000000,0x00000000c1921c88,0x00000000c3380000)
 Metaspace       used 45815K, capacity 46634K, committed 46760K, reserved 1089536K
  class space    used 6307K, capacity 6571K, committed 6576K, reserved 1048576K
}
Event: 45.095 GC heap before
{Heap before GC invocations=17 (full 2):
 PSYoungGen      total 68096K, used 61295K [0x00000000eab00000, 0x00000000ef780000, 0x0000000100000000)
  eden space 58880K, 100% used [0x00000000eab00000,0x00000000ee480000,0x00000000ee480000)
  from space 9216K, 26% used [0x00000000eee80000,0x00000000ef0dbfd0,0x00000000ef780000)
  to   space 9728K, 0% used [0x00000000ee480000,0x00000000ee480000,0x00000000eee00000)
 ParOldGen       total 52736K, used 25735K [0x00000000c0000000, 0x00000000c3380000, 0x00000000eab00000)
  object space 52736K, 48% used [0x00000000c0000000,0x00000000c1921c88,0x00000000c3380000)
 Metaspace       used 50429K, capacity 51752K, committed 51880K, reserved 1093632K
  class space    used 7019K, capacity 7334K, committed 7344K, reserved 1048576K
Event: 45.107 GC heap after
Heap after GC invocations=17 (full 2):
 PSYoungGen      total 68608K, used 6817K [0x00000000eab00000, 0x00000000f0e00000, 0x0000000100000000)
  eden space 58880K, 0% used [0x00000000eab00000,0x00000000eab00000,0x00000000ee480000)
  from space 9728K, 70% used [0x00000000ee480000,0x00000000eeb284c8,0x00000000eee00000)
  to   space 10240K, 0% used [0x00000000f0400000,0x00000000f0400000,0x00000000f0e00000)
 ParOldGen       total 52736K, used 26112K [0x00000000c0000000, 0x00000000c3380000, 0x00000000eab00000)
  object space 52736K, 49% used [0x00000000c0000000,0x00000000c1980128,0x00000000c3380000)
 Metaspace       used 50429K, capacity 51752K, committed 51880K, reserved 1093632K
  class space    used 7019K, capacity 7334K, committed 7344K, reserved 1048576K
}
Event: 53.266 GC heap before
{Heap before GC invocations=18 (full 2):
 PSYoungGen      total 68608K, used 65697K [0x00000000eab00000, 0x00000000f0e00000, 0x0000000100000000)
  eden space 58880K, 100% used [0x00000000eab00000,0x00000000ee480000,0x00000000ee480000)
  from space 9728K, 70% used [0x00000000ee480000,0x00000000eeb284c8,0x00000000eee00000)
  to   space 10240K, 0% used [0x00000000f0400000,0x00000000f0400000,0x00000000f0e00000)
 ParOldGen       total 52736K, used 26112K [0x00000000c0000000, 0x00000000c3380000, 0x00000000eab00000)
  object space 52736K, 49% used [0x00000000c0000000,0x00000000c1980128,0x00000000c3380000)
 Metaspace       used 54246K, capacity 55854K, committed 56104K, reserved 1097728K
  class space    used 7506K, capacity 7909K, committed 7984K, reserved 1048576K
Event: 53.281 GC heap after
Heap after GC invocations=18 (full 2):
 PSYoungGen      total 89088K, used 8382K [0x00000000eab00000, 0x00000000f0d80000, 0x0000000100000000)
  eden space 79360K, 0% used [0x00000000eab00000,0x00000000eab00000,0x00000000ef880000)
  from space 9728K, 86% used [0x00000000f0400000,0x00000000f0c2f9a0,0x00000000f0d80000)
  to   space 10752K, 0% used [0x00000000ef880000,0x00000000ef880000,0x00000000f0300000)
 ParOldGen       total 52736K, used 30213K [0x00000000c0000000, 0x00000000c3380000, 0x00000000eab00000)
  object space 52736K, 57% used [0x00000000c0000000,0x00000000c1d815e8,0x00000000c3380000)
 Metaspace       used 54246K, capacity 55854K, committed 56104K, reserved 1097728K
  class space    used 7506K, capacity 7909K, committed 7984K, reserved 1048576K
}
Event: 63.838 GC heap before
{Heap before GC invocations=19 (full 2):
 PSYoungGen      total 89088K, used 66198K [0x00000000eab00000, 0x00000000f0d80000, 0x0000000100000000)
  eden space 79360K, 72% used [0x00000000eab00000,0x00000000ee3761f8,0x00000000ef880000)
  from space 9728K, 86% used [0x00000000f0400000,0x00000000f0c2f9a0,0x00000000f0d80000)
  to   space 10752K, 0% used [0x00000000ef880000,0x00000000ef880000,0x00000000f0300000)
 ParOldGen       total 52736K, used 30213K [0x00000000c0000000, 0x00000000c3380000, 0x00000000eab00000)
  object space 52736K, 57% used [0x00000000c0000000,0x00000000c1d815e8,0x00000000c3380000)
 Metaspace       used 57013K, capacity 58986K, committed 59160K, reserved 1099776K
  class space    used 7876K, capacity 8397K, committed 8496K, reserved 1048576K
Event: 63.857 GC heap after
Heap after GC invocations=19 (full 2):
 PSYoungGen      total 86528K, used 9430K [0x00000000eab00000, 0x00000000f0d00000, 0x0000000100000000)
  eden space 76800K, 0% used [0x00000000eab00000,0x00000000eab00000,0x00000000ef600000)
  from space 9728K, 96% used [0x00000000ef880000,0x00000000f01b5930,0x00000000f0200000)
  to   space 11264K, 0% used [0x00000000f0200000,0x00000000f0200000,0x00000000f0d00000)
 ParOldGen       total 52736K, used 35456K [0x00000000c0000000, 0x00000000c3380000, 0x00000000eab00000)
  object space 52736K, 67% used [0x00000000c0000000,0x00000000c22a03b8,0x00000000c3380000)
 Metaspace       used 57013K, capacity 58986K, committed 59160K, reserved 1099776K
  class space    used 7876K, capacity 8397K, committed 8496K, reserved 1048576K
}
Event: 63.857 GC heap before
{Heap before GC invocations=20 (full 3):
 PSYoungGen      total 86528K, used 9430K [0x00000000eab00000, 0x00000000f0d00000, 0x0000000100000000)
  eden space 76800K, 0% used [0x00000000eab00000,0x00000000eab00000,0x00000000ef600000)
  from space 9728K, 96% used [0x00000000ef880000,0x00000000f01b5930,0x00000000f0200000)
  to   space 11264K, 0% used [0x00000000f0200000,0x00000000f0200000,0x00000000f0d00000)
 ParOldGen       total 52736K, used 35456K [0x00000000c0000000, 0x00000000c3380000, 0x00000000eab00000)
  object space 52736K, 67% used [0x00000000c0000000,0x00000000c22a03b8,0x00000000c3380000)
 Metaspace       used 57013K, capacity 58986K, committed 59160K, reserved 1099776K
  class space    used 7876K, capacity 8397K, committed 8496K, reserved 1048576K
Event: 64.245 GC heap after
Heap after GC invocations=20 (full 3):
 PSYoungGen      total 86528K, used 0K [0x00000000eab00000, 0x00000000f0d00000, 0x0000000100000000)
  eden space 76800K, 0% used [0x00000000eab00000,0x00000000eab00000,0x00000000ef600000)
  from space 9728K, 0% used [0x00000000ef880000,0x00000000ef880000,0x00000000f0200000)
  to   space 11264K, 0% used [0x00000000f0200000,0x00000000f0200000,0x00000000f0d00000)
 ParOldGen       total 93696K, used 41850K [0x00000000c0000000, 0x00000000c5b80000, 0x00000000eab00000)
  object space 93696K, 44% used [0x00000000c0000000,0x00000000c28debd8,0x00000000c5b80000)
 Metaspace       used 57013K, capacity 58986K, committed 59160K, reserved 1099776K
  class space    used 7876K, capacity 8397K, committed 8496K, reserved 1048576K
}

