# JRE version: Java(TM) SE Runtime Environment (8.0_144-b01) (build 1.8.0_144-b01)
# Java VM: Java HotSpot(TM) 64-Bit Server VM (25.144-b01 mixed mode windows-amd64 compressed oops)
Heap:
 PSYoungGen      total 40448K, used 11625K [0x00000000eab00000, 0x00000000eeb80000, 0x0000000100000000)
  eden space 30208K, 32% used [0x00000000eab00000,0x00000000eb48c170,0x00000000ec880000)
  from space 10240K, 18% used [0x00000000ed300000,0x00000000ed4ce4c0,0x00000000edd00000)
  to   space 10752K, 0% used [0x00000000ec880000,0x00000000ec880000,0x00000000ed300000)
 ParOldGen       total 52736K, used 15221K [0x00000000c0000000, 0x00000000c3380000, 0x00000000eab00000)
  object space 52736K, 28% used [0x00000000c0000000,0x00000000c0edd748,0x00000000c3380000)
 Metaspace       used 36502K, capacity 37020K, committed 37288K, reserved 1081344K
  class space    used 5065K, capacity 5263K, committed 5296K, reserved 1048576K
GC Heap History (10 events):
Event: 54.268 GC heap before
{Heap before GC invocations=8 (full 1):
 PSYoungGen      total 41984K, used 36514K [0x00000000eab00000, 0x00000000edf80000, 0x0000000100000000)
  eden space 32256K, 100% used [0x00000000eab00000,0x00000000eca80000,0x00000000eca80000)
  from space 9728K, 43% used [0x00000000ed600000,0x00000000eda28a60,0x00000000edf80000)
  to   space 10752K, 0% used [0x00000000eca80000,0x00000000eca80000,0x00000000ed500000)
 ParOldGen       total 48128K, used 9249K [0x00000000c0000000, 0x00000000c2f00000, 0x00000000eab00000)
  object space 48128K, 19% used [0x00000000c0000000,0x00000000c09084a0,0x00000000c2f00000)
 Metaspace       used 28208K, capacity 28544K, committed 28720K, reserved 1073152K
  class space    used 4000K, capacity 4116K, committed 4144K, reserved 1048576K
Event: 54.274 GC heap after
Heap after GC invocations=8 (full 1):
 PSYoungGen      total 37376K, used 5604K [0x00000000eab00000, 0x00000000ede00000, 0x0000000100000000)
  eden space 31744K, 0% used [0x00000000eab00000,0x00000000eab00000,0x00000000eca00000)
  from space 5632K, 99% used [0x00000000eca80000,0x00000000ecff9258,0x00000000ed000000)
  to   space 10240K, 0% used [0x00000000ed400000,0x00000000ed400000,0x00000000ede00000)
 ParOldGen       total 48128K, used 9257K [0x00000000c0000000, 0x00000000c2f00000, 0x00000000eab00000)
  object space 48128K, 19% used [0x00000000c0000000,0x00000000c090a4a0,0x00000000c2f00000)
 Metaspace       used 28208K, capacity 28544K, committed 28720K, reserved 1073152K
  class space    used 4000K, capacity 4116K, committed 4144K, reserved 1048576K
}
Event: 60.525 GC heap before
{Heap before GC invocations=9 (full 1):
 PSYoungGen      total 37376K, used 37348K [0x00000000eab00000, 0x00000000ede00000, 0x0000000100000000)
  eden space 31744K, 100% used [0x00000000eab00000,0x00000000eca00000,0x00000000eca00000)
  from space 5632K, 99% used [0x00000000eca80000,0x00000000ecff9258,0x00000000ed000000)
  to   space 10240K, 0% used [0x00000000ed400000,0x00000000ed400000,0x00000000ede00000)
 ParOldGen       total 48128K, used 9257K [0x00000000c0000000, 0x00000000c2f00000, 0x00000000eab00000)
  object space 48128K, 19% used [0x00000000c0000000,0x00000000c090a4a0,0x00000000c2f00000)
 Metaspace       used 30453K, capacity 30906K, committed 31152K, reserved 1075200K
  class space    used 4297K, capacity 4501K, committed 4528K, reserved 1048576K
Event: 60.533 GC heap after
Heap after GC invocations=9 (full 1):
 PSYoungGen      total 41472K, used 7614K [0x00000000eab00000, 0x00000000ede80000, 0x0000000100000000)
  eden space 31232K, 0% used [0x00000000eab00000,0x00000000eab00000,0x00000000ec980000)
  from space 10240K, 74% used [0x00000000ed400000,0x00000000edb6faf0,0x00000000ede00000)
  to   space 10752K, 0% used [0x00000000ec980000,0x00000000ec980000,0x00000000ed400000)
 ParOldGen       total 48128K, used 9265K [0x00000000c0000000, 0x00000000c2f00000, 0x00000000eab00000)
  object space 48128K, 19% used [0x00000000c0000000,0x00000000c090c4a0,0x00000000c2f00000)
 Metaspace       used 30453K, capacity 30906K, committed 31152K, reserved 1075200K
  class space    used 4297K, capacity 4501K, committed 4528K, reserved 1048576K
}
Event: 61.733 GC heap before
{Heap before GC invocations=10 (full 1):
 PSYoungGen      total 41472K, used 30874K [0x00000000eab00000, 0x00000000ede80000, 0x0000000100000000)
  eden space 31232K, 74% used [0x00000000eab00000,0x00000000ec1b6df8,0x00000000ec980000)
  from space 10240K, 74% used [0x00000000ed400000,0x00000000edb6faf0,0x00000000ede00000)
  to   space 10752K, 0% used [0x00000000ec980000,0x00000000ec980000,0x00000000ed400000)
 ParOldGen       total 48128K, used 9265K [0x00000000c0000000, 0x00000000c2f00000, 0x00000000eab00000)
  object space 48128K, 19% used [0x00000000c0000000,0x00000000c090c4a0,0x00000000c2f00000)
 Metaspace       used 34760K, capacity 35318K, committed 35496K, reserved 1079296K
  class space    used 4858K, capacity 5038K, committed 5040K, reserved 1048576K
Event: 61.741 GC heap after
Heap after GC invocations=10 (full 1):
 PSYoungGen      total 37376K, used 6299K [0x00000000eab00000, 0x00000000edd00000, 0x0000000100000000)
  eden space 30720K, 0% used [0x00000000eab00000,0x00000000eab00000,0x00000000ec900000)
  from space 6656K, 94% used [0x00000000ec980000,0x00000000ecfa6ff0,0x00000000ed000000)
  to   space 10240K, 0% used [0x00000000ed300000,0x00000000ed300000,0x00000000edd00000)
 ParOldGen       total 48128K, used 11836K [0x00000000c0000000, 0x00000000c2f00000, 0x00000000eab00000)
  object space 48128K, 24% used [0x00000000c0000000,0x00000000c0b8f380,0x00000000c2f00000)
 Metaspace       used 34760K, capacity 35318K, committed 35496K, reserved 1079296K
  class space    used 4858K, capacity 5038K, committed 5040K, reserved 1048576K
}
Event: 61.741 GC heap before
{Heap before GC invocations=11 (full 2):
 PSYoungGen      total 37376K, used 6299K [0x00000000eab00000, 0x00000000edd00000, 0x0000000100000000)
  eden space 30720K, 0% used [0x00000000eab00000,0x00000000eab00000,0x00000000ec900000)
  from space 6656K, 94% used [0x00000000ec980000,0x00000000ecfa6ff0,0x00000000ed000000)
  to   space 10240K, 0% used [0x00000000ed300000,0x00000000ed300000,0x00000000edd00000)
 ParOldGen       total 48128K, used 11836K [0x00000000c0000000, 0x00000000c2f00000, 0x00000000eab00000)
  object space 48128K, 24% used [0x00000000c0000000,0x00000000c0b8f380,0x00000000c2f00000)
 Metaspace       used 34760K, capacity 35318K, committed 35496K, reserved 1079296K
  class space    used 4858K, capacity 5038K, committed 5040K, reserved 1048576K
Event: 61.838 GC heap after
Heap after GC invocations=11 (full 2):
 PSYoungGen      total 37376K, used 0K [0x00000000eab00000, 0x00000000edd00000, 0x0000000100000000)
  eden space 30720K, 0% used [0x00000000eab00000,0x00000000eab00000,0x00000000ec900000)
  from space 6656K, 0% used [0x00000000ec980000,0x00000000ec980000,0x00000000ed000000)
  to   space 10240K, 0% used [0x00000000ed300000,0x00000000ed300000,0x00000000edd00000)
 ParOldGen       total 52736K, used 15213K [0x00000000c0000000, 0x00000000c3380000, 0x00000000eab00000)
  object space 52736K, 28% used [0x00000000c0000000,0x00000000c0edb748,0x00000000c3380000)
 Metaspace       used 34760K, capacity 35318K, committed 35496K, reserved 1079296K
  class space    used 4858K, capacity 5038K, committed 5040K, reserved 1048576K
}
Event: 62.147 GC heap before
{Heap before GC invocations=12 (full 2):
 PSYoungGen      total 37376K, used 30720K [0x00000000eab00000, 0x00000000edd00000, 0x0000000100000000)
  eden space 30720K, 100% used [0x00000000eab00000,0x00000000ec900000,0x00000000ec900000)
  from space 6656K, 0% used [0x00000000ec980000,0x00000000ec980000,0x00000000ed000000)
  to   space 10240K, 0% used [0x00000000ed300000,0x00000000ed300000,0x00000000edd00000)
 ParOldGen       total 52736K, used 15213K [0x00000000c0000000, 0x00000000c3380000, 0x00000000eab00000)
  object space 52736K, 28% used [0x00000000c0000000,0x00000000c0edb748,0x00000000c3380000)
 Metaspace       used 35456K, capacity 35932K, committed 36136K, reserved 1081344K
  class space    used 4943K, capacity 5135K, committed 5168K, reserved 1048576K
Event: 62.163 GC heap after
Heap after GC invocations=12 (full 2):
 PSYoungGen      total 40448K, used 1849K [0x00000000eab00000, 0x00000000eeb80000, 0x0000000100000000)
  eden space 30208K, 0% used [0x00000000eab00000,0x00000000eab00000,0x00000000ec880000)
  from space 10240K, 18% used [0x00000000ed300000,0x00000000ed4ce4c0,0x00000000edd00000)
  to   space 10752K, 0% used [0x00000000ec880000,0x00000000ec880000,0x00000000ed300000)
 ParOldGen       total 52736K, used 15221K [0x00000000c0000000, 0x00000000c3380000, 0x00000000eab00000)
  object space 52736K, 28% used [0x00000000c0000000,0x00000000c0edd748,0x00000000c3380000)
 Metaspace       used 35456K, capacity 35932K, committed 36136K, reserved 1081344K
  class space    used 4943K, capacity 5135K, committed 5168K, reserved 1048576K
}

